2022-10-21T16:30:28 - Initial setup
2022-10-21T13:16:50 - Initial setup
2022-10-21T13:51:01 - Initial setup
2022-10-20T12:45:05 - Add tests
2022-10-20T15:12:25 - Remove unused code
2022-11-01T12:10:19 - Update documentation
2022-11-01T10:06:57 - Refactor code structure
2022-10-27T10:08:50 - Remove unused code
2022-10-27T14:44:31 - Initial setup
2022-10-27T15:23:16 - Refactor code structure
2022-11-03T16:50:20 - Initial setup
2022-11-03T18:23:52 - Update documentation
2022-11-03T16:29:33 - Minor cleanup
2022-11-08T16:45:09 - Initial setup
2022-11-08T10:38:27 - Minor cleanup
2022-11-08T12:16:30 - Improve UI/UX
2022-11-14T15:26:50 - Initial setup
2022-11-14T09:53:13 - Improve performance
2022-11-14T17:14:22 - Fix bug in logic
2022-11-09T15:38:30 - Initial setup
2022-11-09T11:51:33 - Add new feature
2022-11-09T12:12:27 - Improve UI/UX
2022-11-21T10:41:16 - Remove unused code
2022-11-21T17:05:57 - Improve UI/UX
2022-11-21T18:26:09 - Fix bug in logic
2022-11-16T18:16:04 - Add new feature
2022-11-16T18:54:36 - Update documentation
2022-11-22T16:23:41 - Improve UI/UX
2022-11-22T14:45:42 - Fix bug in logic
2022-11-22T14:43:29 - Improve UI/UX
2022-11-24T18:34:44 - Improve performance
2022-11-24T14:09:35 - Improve performance
2022-11-24T10:20:02 - Fix bug in logic
2022-11-29T13:55:23 - Remove unused code
2022-11-29T10:22:22 - Initial setup
2022-12-06T14:01:53 - Fix bug in logic
2022-12-06T11:57:18 - Refactor code structure
2022-12-05T18:25:02 - Improve performance
2022-12-05T18:34:41 - Add new feature
2022-12-05T09:20:30 - Minor cleanup
